6. AllPay/GC+UNICOM+CTE/GC+UNICOM+CTE/Demo/Demo/proguard/seeds.txt
com.estore.lsms.tools.OfflineSmsTool
com.estore.lsms.tools.OfflineSmsTool: java.lang.String baseAscII
com.estore.lsms.tools.OfflineSmsTool: java.math.BigInteger baseNum
com.estore.lsms.tools.OfflineSmsTool: boolean a
com.estore.lsms.tools.OfflineSmsTool: void <clinit>()
com.estore.lsms.tools.OfflineSmsTool: OfflineSmsTool()
com.estore.lsms.tools.OfflineSmsTool: java.lang.String sig(java.lang.String,java.lang.String)
com.estore.lsms.tools.OfflineSmsTool: java.lang.String toBase94(long)
com.estore.lsms.tools.OfflineSmsTool: java.lang.String toBase94(java.math.BigInteger)
com.estore.lsms.tools.OfflineSmsTool: java.math.BigInteger fromBase94(java.lang.String)
com.estore.lsms.tools.OfflineSmsTool: java.lang.String getCurTime()
com.estore.lsms.tools.Person
com.estore.lsms.tools.Person: java.lang.String a
com.estore.lsms.tools.Person: java.lang.String b
com.estore.lsms.tools.Person: java.lang.String c
com.estore.lsms.tools.Person: java.lang.String d
com.estore.lsms.tools.Person: java.lang.String e
com.estore.lsms.tools.Person: java.lang.String f
com.estore.lsms.tools.Person: java.lang.String g
com.estore.lsms.tools.Person: java.lang.String h
com.estore.lsms.tools.Person: java.lang.String i
com.estore.lsms.tools.Person: java.lang.String j
com.estore.lsms.tools.Person: java.lang.String k
com.estore.lsms.tools.Person: java.lang.String l
com.estore.lsms.tools.Person: java.lang.String m
com.estore.lsms.tools.Person: java.lang.String n
com.estore.lsms.tools.Person: java.lang.String o
com.estore.lsms.tools.Person: java.lang.String p
com.estore.lsms.tools.Person: java.lang.String q
com.estore.lsms.tools.Person: java.lang.String r
com.estore.lsms.tools.Person: java.lang.String s
com.estore.lsms.tools.Person: java.lang.String t
com.estore.lsms.tools.Person: java.lang.String u
com.estore.lsms.tools.Person: java.lang.String v
com.estore.lsms.tools.Person: java.lang.String w
com.estore.lsms.tools.Person: java.lang.String x
com.estore.lsms.tools.Person: java.lang.String y
com.estore.lsms.tools.Person: java.lang.String z
com.estore.lsms.tools.Person: java.lang.String A
com.estore.lsms.tools.Person: java.lang.String B
com.estore.lsms.tools.Person: java.lang.String C
com.estore.lsms.tools.Person: java.lang.String D
com.estore.lsms.tools.ReadXmlByPullService
com.estore.lsms.tools.ReadXmlByPullService: ReadXmlByPullService()
com.estore.lsms.tools.ReadXmlByPullService: void ReadXmlByPull(java.io.InputStream,com.estore.lsms.tools.Person)
com.estore.lsms.tools.ReadXmlByPullService: void ReadXmlByPull(java.io.InputStream,com.estore.lsms.tools.ApConfig)