6. AllPay/GC+UNICOM+CTE/GC+UNICOM+CTE/Demo/Demo/proguard/mapping.txt
com.estore.lsms.tools.a -> com.estore.lsms.tools.a:
    com.estore.lsms.tools.MyDialog a -> a
    void onClick(android.content.DialogInterface,int) -> onClick
com.estore.quitpay.QuitPay -> com.estore.quitpay.QuitPay:
    java.lang.String a(java.lang.String,java.lang.String,java.lang.String,java.lang.String,java.lang.String) -> a
    boolean sendMsgQuitPay(android.content.Context,java.lang.String,java.lang.String,java.lang.String) -> sendMsgQuitPay
    java.lang.String a(android.content.Context) -> a
com.estore.ui.CTEStoreSDKActivity -> com.estore.ui.CTEStoreSDKActivity:
    java.lang.String c -> c
    java.lang.String d -> d
    java.lang.String e -> e
    java.lang.String f -> f
    java.lang.String g -> g
    int h -> h
    java.lang.String i -> i
    java.lang.String j -> j
    java.lang.String k -> k
    java.lang.String l -> l
    int m -> m
    boolean a -> a
    boolean n -> n
    java.lang.String o -> o
    boolean p -> p
    int resultCode -> resultCode
    java.lang.String q -> q
    java.lang.String r -> r
    android.content.BroadcastReceiver s -> s
    int t -> t
    int u -> u
    int v -> v
    int w -> w
    int x -> x
    int y -> y
    int z -> z
    int A -> A
    int B -> B
    int C -> C
    int D -> D
    int E -> E
    int F -> F
    int G -> G
    int H -> H
    int I -> I
    int J -> J
    int K -> K
    java.lang.String L -> L
    android.os.Handler handler -> handler
    java.util.Timer M -> M
    com.estore.lsms.tools.MyDialog N -> N
    com.estore.lsms.tools.MyDialog O -> O
    com.estore.lsms.tools.Person b -> b
    com.estore.lsms.tools.ApConfig P -> P
    android.view.ViewGroup Q -> Q
    android.view.ViewGroup R -> R
    void onCreate(android.os.Bundle) -> onCreate
    boolean a(java.lang.String,int) -> a
    void a(android.os.Handler,java.lang.String,int) -> a
    void a() -> a
    void replyCalculation() -> replyCalculation
    android.graphics.drawable.Drawable a(java.lang.String) -> a
com.estore.ui.a -> com.estore.ui.a:
    com.estore.ui.CTEStoreSDKActivity a -> a
    void handleMessage(android.os.Message) -> handleMessage
com.estore.ui.b -> com.estore.ui.b:
    com.estore.ui.CTEStoreSDKActivity a -> a
    void run() -> run
com.estore.ui.c -> com.estore.ui.c:
    com.estore.ui.CTEStoreSDKActivity a -> a
    void onReceive(android.content.Context,android.content.Intent) -> onReceive
com.estore.ui.d -> com.estore.ui.d:
    com.estore.ui.CTEStoreSDKActivity a -> a
    void onClick(android.view.View) -> onClick
com.estore.ui.e -> com.estore.ui.e:
    com.estore.ui.CTEStoreSDKActivity a -> a
    void onClick(android.view.View) -> onClick
com.estore.ui.f -> com.estore.ui.f:
    com.estore.ui.CTEStoreSDKActivity a -> a
    void onClick(android.view.View) -> onClick
com.testgame.CmgameApplication -> com.testgame.CmgameApplication:
    7:8:void onCreate() -> onCreate
com.testgame.MainActivity -> com.testgame.MainActivity:
    19:55:void onCreate(android.os.Bundle) -> onCreate
com.testgame.MainActivity$1 -> com.testgame.MainActivity$1:
    com.testgame.MainActivity this$0 -> a
    31:53:void onClick(android.view.View) -> onClick
    27:27:com.testgame.MainActivity access$0(com.testgame.MainActivity$1) -> a
com.testgame.MainActivity$1$1 -> com.testgame.MainActivity$1$1:
    com.testgame.MainActivity$1 this$1 -> a
    35:36:void onPurchaseSucceed() -> a
    45:46:void onPurchaseFailed(java.lang.String) -> a
    50:51:void onPurchaseCanceld() -> b
com.unicom.dcLoader.BuildConfig -> com.unicom.dcLoader.BuildConfig:
    boolean DEBUG -> DEBUG
com.unicom.dcLoader.HttpHelper -> com.unicom.dcLoader.HttpHelper:
    android.content.Context _$1 -> _$1
    void HttpPost(java.lang.String,java.lang.String[],com.unicom.dcLoader.HttpHelper$RequestListener) -> HttpPost
com.unicom.dcLoader.HttpHelper$RequestListener -> com.unicom.dcLoader.HttpHelper$RequestListener:
    void onCompeleted(java.io.InputStream) -> onCompeleted